#
# A fatal error has been detected by the Java Runtime Environment:
#
#  Internal Error (javaClasses.cpp:126), pid=6608, tid=2692
#  fatal error: Invalid layout of preloaded class
#
# JRE version:  (8.0_20-b26) (build )
# Java VM: Java HotSpot(TM) 64-Bit Server VM (25.20-b23 mixed mode windows-amd64 compressed oops)
# Failed to write core dump. Minidumps are not enabled by default on client versions of Windows
#
# If you would like to submit a bug report, please visit:
#   http://bugreport.sun.com/bugreport/crash.jsp
#

---------------  T H R E A D  ---------------

Current thread (0x00000000029ad800):  JavaThread "Unknown thread" [_thread_in_vm, id=2692, stack(0x00000000029b0000,0x0000000002ab0000)]

Stack: [0x00000000029b0000,0x0000000002ab0000]
Native frames: (J=compiled Java code, j=interpreted, Vv=VM code, C=native code)
V  [jvm.dll+0x3152fa]
V  [jvm.dll+0x265d03]
V  [jvm.dll+0x266943]
V  [jvm.dll+0x25e1e6]
V  [jvm.dll+0x5e64c]
V  [jvm.dll+0x5e743]
V  [jvm.dll+0x7316a]
V  [jvm.dll+0x734c8]
V  [jvm.dll+0xe3937]
V  [jvm.dll+0xe3cc6]
V  [jvm.dll+0x1f89d7]
V  [jvm.dll+0x229fc4]
V  [jvm.dll+0x14c6f1]
C  [javaw.exe+0x20c6]
C  [javaw.exe+0xc9eb]
C  [javaw.exe+0xca7f]
C  [KERNEL32.DLL+0x13d2]
C  [ntdll.dll+0x15444]


---------------  P R O C E S S  ---------------

Java Threads: ( => current thread )

Other Threads:

=>0x00000000029ad800 (exited) JavaThread "Unknown thread" [_thread_in_vm, id=2692, stack(0x00000000029b0000,0x0000000002ab0000)]

VM state:not at safepoint (not fully initialized)

VM Mutex/Monitor currently owned by a thread: None

GC Heap History (0 events):
No events

Deoptimization events (0 events):
No events

Internal exceptions (0 events):
No events

Events (10 events):
Event: 0.008 loading class java/lang/CharSequence done
Event: 0.009 loading class java/lang/String done
Event: 0.009 loading class java/lang/Class
Event: 0.009 loading class java/lang/reflect/AnnotatedElement
Event: 0.009 loading class java/lang/reflect/AnnotatedElement done
Event: 0.009 loading class java/lang/reflect/GenericDeclaration
Event: 0.009 loading class java/lang/reflect/GenericDeclaration done
Event: 0.009 loading class java/lang/reflect/Type
Event: 0.009 loading class java/lang/reflect/Type done
Event: 0.009 loading class java/lang/Class done


Dynamic libraries:
0x00007ff7fadb0000 - 0x00007ff7fade4000 	C:\Program Files\Java\jdk1.8.0_20\jre\bin\javaw.exe
0x00007fffcbcc0000 - 0x00007fffcbe6c000 	C:\Windows\SYSTEM32\ntdll.dll
0x00007fffcac20000 - 0x00007fffcad5e000 	C:\Windows\system32\KERNEL32.DLL
0x00007fffc8ee0000 - 0x00007fffc8ff5000 	C:\Windows\system32\KERNELBASE.dll
0x00007fffc79b0000 - 0x00007fffc7a3e000 	C:\Windows\system32\apphelp.dll
0x00007fffb7530000 - 0x00007fffb7583000 	C:\Windows\AppPatch\AppPatch64\AcGenral.DLL
0x00007fffc9530000 - 0x00007fffc95da000 	C:\Windows\system32\msvcrt.dll
0x00007fffc8be0000 - 0x00007fffc8c0e000 	C:\Windows\SYSTEM32\SspiCli.dll
0x00007fffc95e0000 - 0x00007fffc9634000 	C:\Windows\system32\SHLWAPI.dll
0x00007fffcae30000 - 0x00007fffcafa7000 	C:\Windows\system32\USER32.dll
0x00007fffcb9b0000 - 0x00007fffcbb44000 	C:\Windows\system32\ole32.dll
0x00007fffc96f0000 - 0x00007fffcac08000 	C:\Windows\system32\SHELL32.dll
0x00007fffc83b0000 - 0x00007fffc83d1000 	C:\Windows\SYSTEM32\USERENV.dll
0x00007fffc9640000 - 0x00007fffc96ea000 	C:\Windows\system32\ADVAPI32.dll
0x00007fffc7200000 - 0x00007fffc721e000 	C:\Windows\SYSTEM32\MPR.dll
0x00007fffcb010000 - 0x00007fffcb151000 	C:\Windows\system32\RPCRT4.dll
0x00007fffc9350000 - 0x00007fffc93a9000 	C:\Windows\SYSTEM32\sechost.dll
0x00007fffcb5c0000 - 0x00007fffcb7d1000 	C:\Windows\SYSTEM32\combase.dll
0x00007fffcbb60000 - 0x00007fffcbcb1000 	C:\Windows\system32\GDI32.dll
0x00007fffc8e10000 - 0x00007fffc8e25000 	C:\Windows\SYSTEM32\profapi.dll
0x00007fffc7380000 - 0x00007fffc7432000 	C:\Windows\SYSTEM32\SHCORE.dll
0x00007fffcafb0000 - 0x00007fffcafe6000 	C:\Windows\system32\IMM32.DLL
0x00007fffcb7e0000 - 0x00007fffcb932000 	C:\Windows\system32\MSCTF.dll
0x00007fffc53e0000 - 0x00007fffc565a000 	C:\Windows\WinSxS\amd64_microsoft.windows.common-controls_6595b64144ccf1df_6.0.9600.17810_none_6240b9c7ecbd0bda\COMCTL32.dll
0x0000000076e70000 - 0x0000000076f42000 	C:\Program Files\Java\jdk1.8.0_20\jre\bin\msvcr100.dll
0x0000000076610000 - 0x0000000076e68000 	C:\Program Files\Java\jdk1.8.0_20\jre\bin\server\jvm.dll
0x00007fffc0da0000 - 0x00007fffc0da9000 	C:\Windows\SYSTEM32\WSOCK32.dll
0x00007fffc31b0000 - 0x00007fffc31d2000 	C:\Windows\SYSTEM32\WINMM.dll
0x00007fffcbb50000 - 0x00007fffcbb57000 	C:\Windows\system32\PSAPI.DLL
0x00007fffcb560000 - 0x00007fffcb5ba000 	C:\Windows\system32\WS2_32.dll
0x00007fffc3910000 - 0x00007fffc393a000 	C:\Windows\SYSTEM32\WINMMBASE.dll
0x00007fffcac10000 - 0x00007fffcac19000 	C:\Windows\system32\NSI.dll
0x00007fffc92f0000 - 0x00007fffc933f000 	C:\Windows\SYSTEM32\cfgmgr32.dll
0x00007fffc7c30000 - 0x00007fffc7c58000 	C:\Windows\SYSTEM32\DEVOBJ.dll
0x0000000077c70000 - 0x0000000077c7f000 	C:\Program Files\Java\jdk1.8.0_20\jre\bin\verify.dll
0x0000000077c40000 - 0x0000000077c68000 	C:\Program Files\Java\jdk1.8.0_20\jre\bin\java.dll
0x00000000765f0000 - 0x0000000076606000 	C:\Program Files\Java\jdk1.8.0_20\jre\bin\zip.dll
0x00007fff93a50000 - 0x00007fff93bd9000 	C:\Windows\SYSTEM32\dbghelp.dll

VM Arguments:
jvm_args: -Dfile.encoding=Cp1252 -Xbootclasspath:F:\Mikael\android-sdks\platforms\android-18\android.jar 
java_command: blacksoftware.venda.repositories.ClienteRespository
java_class_path (initial): C:\Users\Simeia Lima\workspace\Venda\libs\rushandroid-1.1.7.jar;C:\Users\Simeia Lima\workspace\Venda\libs\android-support-v4.jar;C:\Users\Simeia Lima\workspace\Venda\bin\classes
Launcher Type: SUN_STANDARD

Environment Variables:
JAVA_HOME=C:\Program Files\Java\jdk1.7.0_75
PATH=C:/Program Files/Java/jdk1.7.0_75/bin/../jre/bin/server;C:/Program Files/Java/jdk1.7.0_75/bin/../jre/bin;C:/Program Files/Java/jdk1.7.0_75/bin/../jre/lib/amd64;C:\Program Files (x86)\Common Files\Intel\Shared Files\cpp\bin\Intel64;C:\Windows\system32;C:\Windows;C:\Windows\System32\Wbem;C:\Windows\System32\WindowsPowerShell\v1.0\;C:\Program Files (x86)\ATI Technologies\ATI.ACE\Core-Static;C:\Program Files\Java\jdk1.7.0_75\bin;C:\grails-2.4.4\bin;C:\Program Files (x86)\Skype\Phone\;C:\groovy-2.4.3\bin;C:\Program Files (x86)\VDownloader;C:\Program Files\VDownloader;C:\eclipse;
USERNAME=Simeia Lima
OS=Windows_NT
PROCESSOR_IDENTIFIER=Intel64 Family 6 Model 58 Stepping 9, GenuineIntel



---------------  S Y S T E M  ---------------

OS: Windows 8.1 , 64 bit Build 9600 

CPU:total 4 (4 cores per cpu, 1 threads per core) family 6 model 58 stepping 9, cmov, cx8, fxsr, mmx, sse, sse2, sse3, ssse3, sse4.1, sse4.2, popcnt, avx, aes, clmul, erms, tsc, tscinvbit, tscinv

Memory: 4k page, physical 8256000k(4797364k free), swap 9566720k(4937604k free)

vm_info: Java HotSpot(TM) 64-Bit Server VM (25.20-b23) for windows-amd64 JRE (1.8.0_20-b26), built on Jul 30 2014 13:51:23 by "java_re" with MS VC++ 10.0 (VS2010)

time: Sat Jul 11 02:50:43 2015
elapsed time: 0 seconds (0d 0h 0m 0s)

