#
# A fatal error has been detected by the Java Runtime Environment:
#
#  Internal Error (javaClasses.cpp:127), pid=7348, tid=1420
#  fatal error: Invalid layout of preloaded class
#
# JRE version:  (8.0_51-b16) (build )
# Java VM: Java HotSpot(TM) 64-Bit Server VM (25.51-b03 mixed mode windows-amd64 compressed oops)
# Failed to write core dump. Minidumps are not enabled by default on client versions of Windows
#
# If you would like to submit a bug report, please visit:
#   http://bugreport.java.com/bugreport/crash.jsp
#

---------------  T H R E A D  ---------------

Current thread (0x0000000002f1d800):  JavaThread "Unknown thread" [_thread_in_vm, id=1420, stack(0x0000000001160000,0x0000000001260000)]

Stack: [0x0000000001160000,0x0000000001260000]
Native frames: (J=compiled Java code, j=interpreted, Vv=VM code, C=native code)
V  [jvm.dll+0x32b4ca]
V  [jvm.dll+0x2797e3]
V  [jvm.dll+0x27a479]
V  [jvm.dll+0x2716e6]
V  [jvm.dll+0x67fc3]
V  [jvm.dll+0x680b3]
V  [jvm.dll+0x7d6da]
V  [jvm.dll+0x7da46]
V  [jvm.dll+0xf2087]
V  [jvm.dll+0xf2416]
V  [jvm.dll+0x20f077]
V  [jvm.dll+0x240d2a]
V  [jvm.dll+0x15b9a1]
C  [javaw.exe+0x217e]
C  [javaw.exe+0xcd37]
C  [javaw.exe+0xcdcb]
C  [KERNEL32.DLL+0x13d2]
C  [ntdll.dll+0x15454]


---------------  P R O C E S S  ---------------

Java Threads: ( => current thread )

Other Threads:

=>0x0000000002f1d800 (exited) JavaThread "Unknown thread" [_thread_in_vm, id=1420, stack(0x0000000001160000,0x0000000001260000)]

VM state:not at safepoint (not fully initialized)

VM Mutex/Monitor currently owned by a thread: None

GC Heap History (0 events):
No events

Deoptimization events (0 events):
No events

Internal exceptions (0 events):
No events

Events (10 events):
Event: 0.029 loading class java/lang/CharSequence done
Event: 0.029 loading class java/lang/String done
Event: 0.029 loading class java/lang/Class
Event: 0.029 loading class java/lang/reflect/AnnotatedElement
Event: 0.029 loading class java/lang/reflect/AnnotatedElement done
Event: 0.029 loading class java/lang/reflect/GenericDeclaration
Event: 0.029 loading class java/lang/reflect/GenericDeclaration done
Event: 0.029 loading class java/lang/reflect/Type
Event: 0.029 loading class java/lang/reflect/Type done
Event: 0.029 loading class java/lang/Class done


Dynamic libraries:
0x00007ff77efa0000 - 0x00007ff77efd7000 	C:\Program Files\Java\jre1.8.0_51\bin\javaw.exe
0x00007ffd7c750000 - 0x00007ffd7c8fc000 	C:\WINDOWS\SYSTEM32\ntdll.dll
0x00007ffd7c410000 - 0x00007ffd7c54e000 	C:\WINDOWS\system32\KERNEL32.DLL
0x00007ffd79a80000 - 0x00007ffd79b95000 	C:\WINDOWS\system32\KERNELBASE.dll
0x00007ffd78400000 - 0x00007ffd7848e000 	C:\WINDOWS\system32\apphelp.dll
0x00007ffd73890000 - 0x00007ffd738e3000 	C:\WINDOWS\AppPatch\AppPatch64\AcGenral.DLL
0x00007ffd7bde0000 - 0x00007ffd7be8a000 	C:\WINDOWS\system32\msvcrt.dll
0x00007ffd79690000 - 0x00007ffd796be000 	C:\WINDOWS\SYSTEM32\SspiCli.dll
0x00007ffd7a640000 - 0x00007ffd7a694000 	C:\WINDOWS\system32\SHLWAPI.dll
0x00007ffd7a150000 - 0x00007ffd7a2c7000 	C:\WINDOWS\system32\USER32.dll
0x00007ffd7a2d0000 - 0x00007ffd7a464000 	C:\WINDOWS\system32\ole32.dll
0x00007ffd7a7f0000 - 0x00007ffd7bd09000 	C:\WINDOWS\system32\SHELL32.dll
0x00007ffd78e60000 - 0x00007ffd78e81000 	C:\WINDOWS\SYSTEM32\USERENV.dll
0x00007ffd7a530000 - 0x00007ffd7a5da000 	C:\WINDOWS\system32\ADVAPI32.dll
0x00007ffd6ee00000 - 0x00007ffd6ee1e000 	C:\WINDOWS\SYSTEM32\MPR.dll
0x00007ffd79de0000 - 0x00007ffd79f21000 	C:\WINDOWS\system32\RPCRT4.dll
0x00007ffd7c0b0000 - 0x00007ffd7c109000 	C:\WINDOWS\SYSTEM32\sechost.dll
0x00007ffd7c1f0000 - 0x00007ffd7c401000 	C:\WINDOWS\SYSTEM32\combase.dll
0x00007ffd7a6a0000 - 0x00007ffd7a7f0000 	C:\WINDOWS\system32\GDI32.dll
0x00007ffd798b0000 - 0x00007ffd798c5000 	C:\WINDOWS\SYSTEM32\profapi.dll
0x00007ffd77c60000 - 0x00007ffd77d12000 	C:\WINDOWS\SYSTEM32\SHCORE.dll
0x00007ffd7a5e0000 - 0x00007ffd7a616000 	C:\WINDOWS\system32\IMM32.DLL
0x00007ffd79ff0000 - 0x00007ffd7a142000 	C:\WINDOWS\system32\MSCTF.dll
0x00007ffd79860000 - 0x00007ffd79892000 	C:\Windows\system32\nvinitx.dll
0x00007ffd79850000 - 0x00007ffd7985a000 	C:\WINDOWS\SYSTEM32\VERSION.dll
0x00007ffd6d2a0000 - 0x00007ffd6d39e000 	C:\WINDOWS\system32\NV\igdumdim64.dll
0x00007ffd7c550000 - 0x00007ffd7c72a000 	C:\WINDOWS\system32\SETUPAPI.dll
0x00007ffd79980000 - 0x00007ffd799cf000 	C:\WINDOWS\system32\CFGMGR32.dll
0x00007ffd6d1a0000 - 0x00007ffd6d29e000 	C:\WINDOWS\system32\NV\igd10iumd64.dll
0x00007ffd774f0000 - 0x00007ffd7776a000 	C:\WINDOWS\WinSxS\amd64_microsoft.windows.common-controls_6595b64144ccf1df_6.0.9600.17810_none_6240b9c7ecbd0bda\COMCTL32.dll
0x0000000073fe0000 - 0x00000000740b2000 	C:\Program Files\Java\jre1.8.0_51\bin\msvcr100.dll
0x0000000073690000 - 0x0000000073f13000 	C:\Program Files\Java\jre1.8.0_51\bin\server\jvm.dll
0x00007ffd753a0000 - 0x00007ffd753a9000 	C:\WINDOWS\SYSTEM32\WSOCK32.dll
0x00007ffd78010000 - 0x00007ffd78032000 	C:\WINDOWS\SYSTEM32\WINMM.dll
0x00007ffd7c110000 - 0x00007ffd7c117000 	C:\WINDOWS\system32\PSAPI.DLL
0x00007ffd7c180000 - 0x00007ffd7c1da000 	C:\WINDOWS\system32\WS2_32.dll
0x00007ffd77d20000 - 0x00007ffd77d4a000 	C:\WINDOWS\SYSTEM32\WINMMBASE.dll
0x00007ffd7c1e0000 - 0x00007ffd7c1e9000 	C:\WINDOWS\system32\NSI.dll
0x00007ffd78650000 - 0x00007ffd78678000 	C:\WINDOWS\SYSTEM32\DEVOBJ.dll
0x00000000743f0000 - 0x00000000743ff000 	C:\Program Files\Java\jre1.8.0_51\bin\verify.dll
0x00000000743c0000 - 0x00000000743e9000 	C:\Program Files\Java\jre1.8.0_51\bin\java.dll
0x00000000743a0000 - 0x00000000743b6000 	C:\Program Files\Java\jre1.8.0_51\bin\zip.dll
0x00007ffd745d0000 - 0x00007ffd74759000 	C:\WINDOWS\SYSTEM32\dbghelp.dll

VM Arguments:
jvm_args: -Dfile.encoding=Cp1252 -Xbootclasspath:C:\Users\Avell G1511\android-sdks\platforms\android-22\android.jar 
java_command: blacksoftware.venda.service.ExcelService
java_class_path (initial): C:\Users\Avell G1511\workspace\venda_mobile\libs\gson-2.3.1.jar;C:\Users\Avell G1511\workspace\venda_mobile\libs\volley.jar;C:\Users\Avell G1511\workspace\venda_mobile\libs\android-support-v4.jar;C:\Users\Avell G1511\workspace\venda_mobile\libs\poi-3.12.jar;C:\Users\Avell G1511\workspace\venda_mobile\libs\ormlite-android-4.48.jar;C:\Users\Avell G1511\workspace\venda_mobile\libs\ormlite-core-4.48.jar;C:\Users\Avell G1511\workspace\venda_mobile\bin\classes
Launcher Type: SUN_STANDARD

Environment Variables:
JAVA_HOME=C:\Program Files\Java\jdk1.7.0_51
PATH=C:/Program Files/Java/jre1.8.0_51/bin/server;C:/Program Files/Java/jre1.8.0_51/bin;C:/Program Files/Java/jre1.8.0_51/lib/amd64;C:\ProgramData\Oracle\Java\javapath;C:\Program Files (x86)\NVIDIA Corporation\PhysX\Common;C:\Program Files\AuthenTec TrueSuite\;C:\Program Files (x86)\Intel\iCLS Client\;C:\Program Files\Intel\iCLS Client\;C:\WINDOWS\system32;C:\WINDOWS;C:\WINDOWS\System32\Wbem;C:\WINDOWS\System32\WindowsPowerShell\v1.0\;C:\Program Files (x86)\Intel\OpenCL SDK\2.0\bin\x86;C:\Program Files (x86)\Intel\OpenCL SDK\2.0\bin\x64;C:\Program Files\Intel\Intel(R) Management Engine Components\DAL;C:\Program Files\Intel\Intel(R) Management Engine Components\IPT;C:\Program Files (x86)\Intel\Intel(R) Management Engine Components\DAL;C:\Program Files (x86)\Intel\Intel(R) Management Engine Components\IPT;C:\Program Files\AuthenTec TrueSuite\x86\;C:\Program Files (x86)\Windows Live\Shared;C:\Program Files (x86)\Skype\Phone\;C:\Program Files\Java\jdk1.7.0_51\bin;C:\Users\Avell G1511\Documents\Venda\tools\groovy-2.4.4\bin;C:\grails-2.5.0\bin;C:\apache-maven-3.3.3\bin;C:\wildfly-9.0.1.Final\bin;C:\Users\Avell G1511\Documents\Venda\tools\eclipse;
USERNAME=Avell G1511
OS=Windows_NT
PROCESSOR_IDENTIFIER=Intel64 Family 6 Model 58 Stepping 9, GenuineIntel



---------------  S Y S T E M  ---------------

OS: Windows 8.1 , 64 bit Build 9600 (6.3.9600.17415)

CPU:total 8 (4 cores per cpu, 2 threads per core) family 6 model 58 stepping 9, cmov, cx8, fxsr, mmx, sse, sse2, sse3, ssse3, sse4.1, sse4.2, popcnt, avx, aes, clmul, erms, ht, tsc, tscinvbit, tscinv

Memory: 4k page, physical 8274516k(4797080k free), swap 16663124k(11640432k free)

vm_info: Java HotSpot(TM) 64-Bit Server VM (25.51-b03) for windows-amd64 JRE (1.8.0_51-b16), built on Jun  8 2015 18:03:07 by "java_re" with MS VC++ 10.0 (VS2010)

time: Mon Aug 24 20:22:26 2015
elapsed time: 0 seconds (0d 0h 0m 0s)

