#
# A fatal error has been detected by the Java Runtime Environment:
#
#  Internal Error (javaClasses.cpp:127), pid=4232, tid=6488
#  fatal error: Invalid layout of preloaded class
#
# JRE version:  (8.0_51-b16) (build )
# Java VM: Java HotSpot(TM) 64-Bit Server VM (25.51-b03 mixed mode windows-amd64 compressed oops)
# Failed to write core dump. Minidumps are not enabled by default on client versions of Windows
#
# If you would like to submit a bug report, please visit:
#   http://bugreport.java.com/bugreport/crash.jsp
#

---------------  T H R E A D  ---------------

Current thread (0x0000000002d5d800):  JavaThread "Unknown thread" [_thread_in_vm, id=6488, stack(0x0000000002d60000,0x0000000002e60000)]

Stack: [0x0000000002d60000,0x0000000002e60000]
Native frames: (J=compiled Java code, j=interpreted, Vv=VM code, C=native code)
V  [jvm.dll+0x32b4ca]
V  [jvm.dll+0x2797e3]
V  [jvm.dll+0x27a479]
V  [jvm.dll+0x2716e6]
V  [jvm.dll+0x67fc3]
V  [jvm.dll+0x680b3]
V  [jvm.dll+0x7d6da]
V  [jvm.dll+0x7da46]
V  [jvm.dll+0xf2087]
V  [jvm.dll+0xf2416]
V  [jvm.dll+0x20f077]
V  [jvm.dll+0x240d2a]
V  [jvm.dll+0x15b9a1]
C  [javaw.exe+0x217e]
C  [javaw.exe+0xcd37]
C  [javaw.exe+0xcdcb]
C  [KERNEL32.DLL+0x13d2]
C  [ntdll.dll+0x15454]


---------------  P R O C E S S  ---------------

Java Threads: ( => current thread )

Other Threads:

=>0x0000000002d5d800 (exited) JavaThread "Unknown thread" [_thread_in_vm, id=6488, stack(0x0000000002d60000,0x0000000002e60000)]

VM state:not at safepoint (not fully initialized)

VM Mutex/Monitor currently owned by a thread: None

GC Heap History (0 events):
No events

Deoptimization events (0 events):
No events

Internal exceptions (0 events):
No events

Events (10 events):
Event: 0.021 loading class java/lang/CharSequence done
Event: 0.021 loading class java/lang/String done
Event: 0.021 loading class java/lang/Class
Event: 0.021 loading class java/lang/reflect/AnnotatedElement
Event: 0.021 loading class java/lang/reflect/AnnotatedElement done
Event: 0.021 loading class java/lang/reflect/GenericDeclaration
Event: 0.022 loading class java/lang/reflect/GenericDeclaration done
Event: 0.022 loading class java/lang/reflect/Type
Event: 0.022 loading class java/lang/reflect/Type done
Event: 0.022 loading class java/lang/Class done


Dynamic libraries:
0x00007ff6777e0000 - 0x00007ff677817000 	C:\Program Files\Java\jre1.8.0_51\bin\javaw.exe
0x00007ff961c50000 - 0x00007ff961dfc000 	C:\WINDOWS\SYSTEM32\ntdll.dll
0x00007ff95ffc0000 - 0x00007ff9600fe000 	C:\WINDOWS\system32\KERNEL32.DLL
0x00007ff95f110000 - 0x00007ff95f225000 	C:\WINDOWS\system32\KERNELBASE.dll
0x00007ff95d900000 - 0x00007ff95d98e000 	C:\WINDOWS\system32\apphelp.dll
0x00007ff953880000 - 0x00007ff9538d3000 	C:\WINDOWS\AppPatch\AppPatch64\AcGenral.DLL
0x00007ff961ba0000 - 0x00007ff961c4a000 	C:\WINDOWS\system32\msvcrt.dll
0x00007ff95eb90000 - 0x00007ff95ebbe000 	C:\WINDOWS\SYSTEM32\SspiCli.dll
0x00007ff961880000 - 0x00007ff9618d4000 	C:\WINDOWS\system32\SHLWAPI.dll
0x00007ff961940000 - 0x00007ff961ab7000 	C:\WINDOWS\system32\USER32.dll
0x00007ff9616e0000 - 0x00007ff961874000 	C:\WINDOWS\system32\ole32.dll
0x00007ff960100000 - 0x00007ff961619000 	C:\WINDOWS\system32\SHELL32.dll
0x00007ff95e360000 - 0x00007ff95e381000 	C:\WINDOWS\SYSTEM32\USERENV.dll
0x00007ff95ff10000 - 0x00007ff95ffba000 	C:\WINDOWS\system32\ADVAPI32.dll
0x00007ff956ff0000 - 0x00007ff95700e000 	C:\WINDOWS\SYSTEM32\MPR.dll
0x00007ff95fa60000 - 0x00007ff95fba1000 	C:\WINDOWS\system32\RPCRT4.dll
0x00007ff95fbc0000 - 0x00007ff95fc19000 	C:\WINDOWS\SYSTEM32\sechost.dll
0x00007ff95fcf0000 - 0x00007ff95ff01000 	C:\WINDOWS\SYSTEM32\combase.dll
0x00007ff95f330000 - 0x00007ff95f480000 	C:\WINDOWS\system32\GDI32.dll
0x00007ff95edb0000 - 0x00007ff95edc5000 	C:\WINDOWS\SYSTEM32\profapi.dll
0x00007ff95ceb0000 - 0x00007ff95cf62000 	C:\WINDOWS\SYSTEM32\SHCORE.dll
0x00007ff95f2f0000 - 0x00007ff95f326000 	C:\WINDOWS\system32\IMM32.DLL
0x00007ff95f6b0000 - 0x00007ff95f802000 	C:\WINDOWS\system32\MSCTF.dll
0x00007ff95ed60000 - 0x00007ff95ed92000 	C:\Windows\system32\nvinitx.dll
0x00007ff95ed50000 - 0x00007ff95ed5a000 	C:\WINDOWS\SYSTEM32\VERSION.dll
0x000000000f000000 - 0x000000000f006000 	C:\Program Files\NVIDIA Corporation\CoProcManager\_etoured.dll
0x00007ff95c9b0000 - 0x00007ff95c9e2000 	C:\Program Files\NVIDIA Corporation\CoProcManager\nvd3d9wrapx.dll
0x00007ff95f810000 - 0x00007ff95f9ea000 	C:\WINDOWS\system32\SETUPAPI.dll
0x00007ff95f290000 - 0x00007ff95f2df000 	C:\WINDOWS\system32\CFGMGR32.dll
0x00007ff95c970000 - 0x00007ff95c992000 	C:\Program Files\NVIDIA Corporation\CoProcManager\nvdxgiwrapx.dll
0x00007ff95c9f0000 - 0x00007ff95cc6a000 	C:\WINDOWS\WinSxS\amd64_microsoft.windows.common-controls_6595b64144ccf1df_6.0.9600.17810_none_6240b9c7ecbd0bda\COMCTL32.dll
0x000000006aa20000 - 0x000000006aaf2000 	C:\Program Files\Java\jre1.8.0_51\bin\msvcr100.dll
0x0000000069d40000 - 0x000000006a5c3000 	C:\Program Files\Java\jre1.8.0_51\bin\server\jvm.dll
0x00007ff956fe0000 - 0x00007ff956fe9000 	C:\WINDOWS\SYSTEM32\WSOCK32.dll
0x00007ff95d510000 - 0x00007ff95d532000 	C:\WINDOWS\SYSTEM32\WINMM.dll
0x00007ff95fbb0000 - 0x00007ff95fbb7000 	C:\WINDOWS\system32\PSAPI.DLL
0x00007ff95f640000 - 0x00007ff95f69a000 	C:\WINDOWS\system32\WS2_32.dll
0x00007ff95d220000 - 0x00007ff95d24a000 	C:\WINDOWS\SYSTEM32\WINMMBASE.dll
0x00007ff95f6a0000 - 0x00007ff95f6a9000 	C:\WINDOWS\system32\NSI.dll
0x00007ff95db50000 - 0x00007ff95db78000 	C:\WINDOWS\SYSTEM32\DEVOBJ.dll
0x000000006a770000 - 0x000000006a77f000 	C:\Program Files\Java\jre1.8.0_51\bin\verify.dll
0x000000006a740000 - 0x000000006a769000 	C:\Program Files\Java\jre1.8.0_51\bin\java.dll
0x000000006a720000 - 0x000000006a736000 	C:\Program Files\Java\jre1.8.0_51\bin\zip.dll
0x00007ff94ffd0000 - 0x00007ff950159000 	C:\WINDOWS\SYSTEM32\dbghelp.dll

VM Arguments:
jvm_args: -Dfile.encoding=Cp1252 -Xbootclasspath:C:\Users\Avell G1511\android-sdks\platforms\android-22\android.jar 
java_command: blacksoftware.venda.service.ExcelService
java_class_path (initial): C:\Users\Avell G1511\workspace\venda_mobile\libs\gson-2.3.1.jar;C:\Users\Avell G1511\workspace\venda_mobile\libs\volley.jar;C:\Users\Avell G1511\workspace\venda_mobile\libs\android-support-v4.jar;C:\Users\Avell G1511\workspace\venda_mobile\libs\poi-3.12.jar;C:\Users\Avell G1511\workspace\venda_mobile\libs\ormlite-android-4.48.jar;C:\Users\Avell G1511\workspace\venda_mobile\libs\ormlite-core-4.48.jar;C:\Users\Avell G1511\workspace\venda_mobile\bin\classes
Launcher Type: SUN_STANDARD

Environment Variables:
JAVA_HOME=C:\Program Files\Java\jdk1.7.0_51
PATH=C:/Program Files/Java/jre1.8.0_51/bin/server;C:/Program Files/Java/jre1.8.0_51/bin;C:/Program Files/Java/jre1.8.0_51/lib/amd64;C:\ProgramData\Oracle\Java\javapath;C:\Program Files (x86)\NVIDIA Corporation\PhysX\Common;C:\Program Files\AuthenTec TrueSuite\;C:\Program Files (x86)\Intel\iCLS Client\;C:\Program Files\Intel\iCLS Client\;C:\WINDOWS\system32;C:\WINDOWS;C:\WINDOWS\System32\Wbem;C:\WINDOWS\System32\WindowsPowerShell\v1.0\;C:\Program Files (x86)\Intel\OpenCL SDK\2.0\bin\x86;C:\Program Files (x86)\Intel\OpenCL SDK\2.0\bin\x64;C:\Program Files\Intel\Intel(R) Management Engine Components\DAL;C:\Program Files\Intel\Intel(R) Management Engine Components\IPT;C:\Program Files (x86)\Intel\Intel(R) Management Engine Components\DAL;C:\Program Files (x86)\Intel\Intel(R) Management Engine Components\IPT;C:\Program Files\AuthenTec TrueSuite\x86\;C:\Program Files (x86)\Windows Live\Shared;C:\Program Files (x86)\Skype\Phone\;C:\Program Files\Java\jdk1.7.0_51\bin;C:\Users\Avell G1511\Documents\Venda\tools\groovy-2.4.4\bin;C:\grails-2.5.0\bin;C:\apache-maven-3.3.3\bin;C:\wildfly-9.0.1.Final\bin;E:\sistema_agil\Venda\tools\eclipse;
USERNAME=Avell G1511
OS=Windows_NT
PROCESSOR_IDENTIFIER=Intel64 Family 6 Model 58 Stepping 9, GenuineIntel



---------------  S Y S T E M  ---------------

OS: Windows 8.1 , 64 bit Build 9600 (6.3.9600.17415)

CPU:total 8 (4 cores per cpu, 2 threads per core) family 6 model 58 stepping 9, cmov, cx8, fxsr, mmx, sse, sse2, sse3, ssse3, sse4.1, sse4.2, popcnt, avx, aes, clmul, erms, ht, tsc, tscinvbit, tscinv

Memory: 4k page, physical 8274516k(4710128k free), swap 16663124k(11541504k free)

vm_info: Java HotSpot(TM) 64-Bit Server VM (25.51-b03) for windows-amd64 JRE (1.8.0_51-b16), built on Jun  8 2015 18:03:07 by "java_re" with MS VC++ 10.0 (VS2010)

time: Mon Aug 31 20:33:16 2015
elapsed time: 0 seconds (0d 0h 0m 0s)

